<?xml version="1.0" encoding="UTF-8"?>
<!-- Generated by org.testng.reporters.JUnitXMLReporter -->
<testsuite hostname="Hangs-MBP.home" ignored="0" tests="34" failures="0" timestamp="2019-11-03T23:13:24 GMT" time="4.659" errors="0">
  <testcase name="appStartsUp on appStartsUp(ServiceApplicationTest)" time="3.424" classname="ServiceApplicationTest"/>
  <testcase name="testCreateAccount on testCreateAccount(AccountAPITest)" time="0.442" classname="AccountAPITest"/>
  <testcase name="testGetAccount on testGetAccount(AccountAPITest)" time="0.488" classname="AccountAPITest"/>
  <testcase name="testCreateAccount_InvalidID on testCreateAccount_InvalidID(AccountAPITest)" time="0.497" classname="AccountAPITest"/>
  <testcase name="testCreateAccount_InvalidID_2 on testCreateAccount_InvalidID_2(AccountAPITest)" time="0.511" classname="AccountAPITest"/>
  <testcase name="testCreateAccount_NegativeInitialAmount on testCreateAccount_NegativeInitialAmount(AccountAPITest)" time="0.524" classname="AccountAPITest"/>
  <testcase name="testGetAccount_NoSuchAccount on testGetAccount_NoSuchAccount(AccountAPITest)" time="0.533" classname="AccountAPITest"/>
  <testcase name="testCreateAccount_DuplicateAccountId on testCreateAccount_DuplicateAccountId(AccountAPITest)" time="0.558" classname="AccountAPITest"/>
  <testcase name="testDeposit_NoSuchAccountException on testDeposit_NoSuchAccountException(AccountDAOTest)" time="0.01" classname="AccountDAOTest"/>
  <testcase name="testWithdraw on testWithdraw(AccountDAOTest)" time="0.012" classname="AccountDAOTest"/>
  <testcase name="testGetCurrentBalance on testGetCurrentBalance(AccountDAOTest)" time="0.012" classname="AccountDAOTest"/>
  <testcase name="testWithdraw_NoSuchAccountException on testWithdraw_NoSuchAccountException(AccountDAOTest)" time="0.014" classname="AccountDAOTest"/>
  <testcase name="testCreateAccount_DuplicateAccountIdException on testCreateAccount_DuplicateAccountIdException(AccountDAOTest)" time="0.017" classname="AccountDAOTest"/>
  <testcase name="testCreateAndGetAccount on testCreateAndGetAccount(AccountDAOTest)" time="0.016" classname="AccountDAOTest"/>
  <testcase name="testDeposit on testDeposit(AccountDAOTest)" time="0.017" classname="AccountDAOTest"/>
  <testcase name="testWithdraw_InsufficientBalanceException on testWithdraw_InsufficientBalanceException(AccountDAOTest)" time="0.018" classname="AccountDAOTest"/>
  <testcase name="testGetAccount_NoSuchAccountException on testGetAccount_NoSuchAccountException(AccountDAOTest)" time="0.019" classname="AccountDAOTest"/>
  <testcase name="testGetCurrentBalance_NoSuchAccountException on testGetCurrentBalance_NoSuchAccountException(AccountDAOTest)" time="0.02" classname="AccountDAOTest"/>
  <testcase name="testGetTransaction_NoSuchTransactionException on testGetTransaction_NoSuchTransactionException(TransactionDAOTest)" time="0.002" classname="TransactionDAOTest"/>
  <testcase name="testProcessTransaction on testProcessTransaction(TransactionDAOTest)" time="0.003" classname="TransactionDAOTest"/>
  <testcase name="testGetTransactionsForOneAccount on testGetTransactionsForOneAccount(TransactionDAOTest)" time="0.005" classname="TransactionDAOTest"/>
  <testcase name="testGetTransaction on testGetTransaction(TransactionDAOTest)" time="0.007" classname="TransactionDAOTest"/>
  <testcase name="testProcessTransaction_InsufficientBalanceException on testProcessTransaction_InsufficientBalanceException(TransactionDAOTest)" time="0.011" classname="TransactionDAOTest"/>
  <testcase name="testProcessTransaction_NoSuchAccountException_1 on testProcessTransaction_NoSuchAccountException_1(TransactionDAOTest)" time="0.012" classname="TransactionDAOTest"/>
  <testcase name="testProcessTransaction_NoSuchAccountException_2 on testProcessTransaction_NoSuchAccountException_2(TransactionDAOTest)" time="0.013" classname="TransactionDAOTest"/>
  <testcase name="testGetTransactionsForOneAccount_NoSuchAccountException on testGetTransactionsForOneAccount_NoSuchAccountException(TransactionDAOTest)" time="0.013" classname="TransactionDAOTest"/>
  <testcase name="testTransaction_InsufficientBalance on testTransaction_InsufficientBalance(TransactionAPITest)" time="0.352" classname="TransactionAPITest"/>
  <testcase name="testTransaction_NoSuchAccount on testTransaction_NoSuchAccount(TransactionAPITest)" time="0.388" classname="TransactionAPITest"/>
  <testcase name="testGetTransaction_NoSuchTransaction on testGetTransaction_NoSuchTransaction(TransactionAPITest)" time="0.399" classname="TransactionAPITest"/>
  <testcase name="testTransaction_InvalidID on testTransaction_InvalidID(TransactionAPITest)" time="0.407" classname="TransactionAPITest"/>
  <testcase name="testTransaction_InvalidTransferAmount on testTransaction_InvalidTransferAmount(TransactionAPITest)" time="0.422" classname="TransactionAPITest"/>
  <testcase name="testGetTransaction on testGetTransaction(TransactionAPITest)" time="0.457" classname="TransactionAPITest"/>
  <testcase name="testGetTransactionForOneAccount on testGetTransactionForOneAccount(TransactionAPITest)" time="0.487" classname="TransactionAPITest"/>
  <testcase name="testTransaction on testTransaction(TransactionAPITest)" time="0.495" classname="TransactionAPITest"/>
</testsuite>
