<?xml version="1.0" encoding="UTF-8"?>
<!-- Generated by org.testng.reporters.JUnitXMLReporter -->
<testsuite hostname="Hangs-MBP.home" ignored="0" tests="34" failures="0" timestamp="2019-11-03T22:13:02 GMT" time="7.572" errors="0">
  <testcase name="appStartsUp on appStartsUp(ServiceApplicationTest)" time="5.134" classname="ServiceApplicationTest"/>
  <testcase name="testCreateAccount on testCreateAccount(AccountAPITest)" time="0.793" classname="AccountAPITest"/>
  <testcase name="testGetAccount on testGetAccount(AccountAPITest)" time="0.854" classname="AccountAPITest"/>
  <testcase name="testCreateAccount_InvalidID on testCreateAccount_InvalidID(AccountAPITest)" time="0.866" classname="AccountAPITest"/>
  <testcase name="testCreateAccount_InvalidID_2 on testCreateAccount_InvalidID_2(AccountAPITest)" time="0.876" classname="AccountAPITest"/>
  <testcase name="testCreateAccount_NegativeInitialAmount on testCreateAccount_NegativeInitialAmount(AccountAPITest)" time="0.896" classname="AccountAPITest"/>
  <testcase name="testGetAccount_NoSuchAccount on testGetAccount_NoSuchAccount(AccountAPITest)" time="0.933" classname="AccountAPITest"/>
  <testcase name="testCreateAccount_DuplicateAccountId on testCreateAccount_DuplicateAccountId(AccountAPITest)" time="0.972" classname="AccountAPITest"/>
  <testcase name="testDeposit_NoSuchAccountException on testDeposit_NoSuchAccountException(AccountDAOTest)" time="0.02" classname="AccountDAOTest"/>
  <testcase name="testWithdraw on testWithdraw(AccountDAOTest)" time="0.021" classname="AccountDAOTest"/>
  <testcase name="testGetCurrentBalance on testGetCurrentBalance(AccountDAOTest)" time="0.022" classname="AccountDAOTest"/>
  <testcase name="testWithdraw_NoSuchAccountException on testWithdraw_NoSuchAccountException(AccountDAOTest)" time="0.029" classname="AccountDAOTest"/>
  <testcase name="testCreateAccount_DuplicateAccountIdException on testCreateAccount_DuplicateAccountIdException(AccountDAOTest)" time="0.04" classname="AccountDAOTest"/>
  <testcase name="testCreateAndGetAccount on testCreateAndGetAccount(AccountDAOTest)" time="0.041" classname="AccountDAOTest"/>
  <testcase name="testDeposit on testDeposit(AccountDAOTest)" time="0.041" classname="AccountDAOTest"/>
  <testcase name="testWithdraw_InsufficientBalanceException on testWithdraw_InsufficientBalanceException(AccountDAOTest)" time="0.042" classname="AccountDAOTest"/>
  <testcase name="testGetAccount_NoSuchAccountException on testGetAccount_NoSuchAccountException(AccountDAOTest)" time="0.047" classname="AccountDAOTest"/>
  <testcase name="testGetCurrentBalance_NoSuchAccountException on testGetCurrentBalance_NoSuchAccountException(AccountDAOTest)" time="0.054" classname="AccountDAOTest"/>
  <testcase name="testGetTransaction_NoSuchTransactionException on testGetTransaction_NoSuchTransactionException(TransactionDAOTest)" time="0.004" classname="TransactionDAOTest"/>
  <testcase name="testProcessTransaction on testProcessTransaction(TransactionDAOTest)" time="0.013" classname="TransactionDAOTest"/>
  <testcase name="testGetTransactionsForOneAccount on testGetTransactionsForOneAccount(TransactionDAOTest)" time="0.017" classname="TransactionDAOTest"/>
  <testcase name="testGetTransaction on testGetTransaction(TransactionDAOTest)" time="0.018" classname="TransactionDAOTest"/>
  <testcase name="testProcessTransaction_InsufficientBalanceException on testProcessTransaction_InsufficientBalanceException(TransactionDAOTest)" time="0.022" classname="TransactionDAOTest"/>
  <testcase name="testProcessTransaction_NoSuchAccountException_1 on testProcessTransaction_NoSuchAccountException_1(TransactionDAOTest)" time="0.023" classname="TransactionDAOTest"/>
  <testcase name="testProcessTransaction_NoSuchAccountException_2 on testProcessTransaction_NoSuchAccountException_2(TransactionDAOTest)" time="0.026" classname="TransactionDAOTest"/>
  <testcase name="testGetTransactionsForOneAccount_NoSuchAccountException on testGetTransactionsForOneAccount_NoSuchAccountException(TransactionDAOTest)" time="0.028" classname="TransactionDAOTest"/>
  <testcase name="testTransaction_InsufficientBalance on testTransaction_InsufficientBalance(TransactionAPITest)" time="0.926" classname="TransactionAPITest"/>
  <testcase name="testTransaction_NoSuchAccount on testTransaction_NoSuchAccount(TransactionAPITest)" time="0.946" classname="TransactionAPITest"/>
  <testcase name="testGetTransaction_NoSuchTransaction on testGetTransaction_NoSuchTransaction(TransactionAPITest)" time="0.959" classname="TransactionAPITest"/>
  <testcase name="testTransaction_InvalidID on testTransaction_InvalidID(TransactionAPITest)" time="0.981" classname="TransactionAPITest"/>
  <testcase name="testTransaction_InvalidTransferAmount on testTransaction_InvalidTransferAmount(TransactionAPITest)" time="1.007" classname="TransactionAPITest"/>
  <testcase name="testGetTransaction on testGetTransaction(TransactionAPITest)" time="1.091" classname="TransactionAPITest"/>
  <testcase name="testGetTransactionForOneAccount on testGetTransactionForOneAccount(TransactionAPITest)" time="1.13" classname="TransactionAPITest"/>
  <testcase name="testTransaction on testTransaction(TransactionAPITest)" time="1.146" classname="TransactionAPITest"/>
</testsuite>
