<?xml version="1.0" encoding="UTF-8"?>
<testsuite xmlns:xsi="http://www.w3.org/2001/XMLSchema-instance" xsi:noNamespaceSchemaLocation="https://maven.apache.org/surefire/maven-surefire-plugin/xsd/surefire-test-report.xsd" name="TestSuite" time="8.283" tests="34" errors="0" skipped="0" failures="0">
  <properties>
[...]
</properties>
  <testcase name="appStartsUp on appStartsUp(ServiceApplicationTest)" classname="ServiceApplicationTest" time="0.996"/>
  <testcase name="testCreateAccount on testCreateAccount(AccountAPITest)" classname="AccountAPITest" time="0.082"/>
  <testcase name="testGetAccount on testGetAccount(AccountAPITest)" classname="AccountAPITest" time="0.06"/>
  <testcase name="testCreateAccount_InvalidID on testCreateAccount_InvalidID(AccountAPITest)" classname="AccountAPITest" time="0.012"/>
  <testcase name="testCreateAccount_InvalidID_2 on testCreateAccount_InvalidID_2(AccountAPITest)" classname="AccountAPITest" time="0.01"/>
  <testcase name="testCreateAccount_NegativeInitialAmount on testCreateAccount_NegativeInitialAmount(AccountAPITest)" classname="AccountAPITest" time="0.02"/>
  <testcase name="testGetAccount_NoSuchAccount on testGetAccount_NoSuchAccount(AccountAPITest)" classname="AccountAPITest" time="0.034"/>
  <testcase name="testCreateAccount_DuplicateAccountId on testCreateAccount_DuplicateAccountId(AccountAPITest)" classname="AccountAPITest" time="0.037"/>
  <testcase name="testDeposit_NoSuchAccountException on testDeposit_NoSuchAccountException(AccountDAOTest)" classname="AccountDAOTest" time="0.019"/>
  <testcase name="testWithdraw on testWithdraw(AccountDAOTest)" classname="AccountDAOTest" time="0.002"/>
  <testcase name="testGetCurrentBalance on testGetCurrentBalance(AccountDAOTest)" classname="AccountDAOTest" time="0.006"/>
  <testcase name="testWithdraw_NoSuchAccountException on testWithdraw_NoSuchAccountException(AccountDAOTest)" classname="AccountDAOTest" time="0.001"/>
  <testcase name="testCreateAccount_DuplicateAccountIdException on testCreateAccount_DuplicateAccountIdException(AccountDAOTest)" classname="AccountDAOTest" time="0.01"/>
  <testcase name="testCreateAndGetAccount on testCreateAndGetAccount(AccountDAOTest)" classname="AccountDAOTest" time="0.001"/>
  <testcase name="testDeposit on testDeposit(AccountDAOTest)" classname="AccountDAOTest" time="0"/>
  <testcase name="testWithdraw_InsufficientBalanceException on testWithdraw_InsufficientBalanceException(AccountDAOTest)" classname="AccountDAOTest" time="0"/>
  <testcase name="testGetAccount_NoSuchAccountException on testGetAccount_NoSuchAccountException(AccountDAOTest)" classname="AccountDAOTest" time="0"/>
  <testcase name="testGetCurrentBalance_NoSuchAccountException on testGetCurrentBalance_NoSuchAccountException(AccountDAOTest)" classname="AccountDAOTest" time="0.007"/>
  <testcase name="testGetTransaction_NoSuchTransactionException on testGetTransaction_NoSuchTransactionException(TransactionDAOTest)" classname="TransactionDAOTest" time="0.003"/>
  <testcase name="testProcessTransaction on testProcessTransaction(TransactionDAOTest)" classname="TransactionDAOTest" time="0.01"/>
  <testcase name="testGetTransactionsForOneAccount on testGetTransactionsForOneAccount(TransactionDAOTest)" classname="TransactionDAOTest" time="0.001"/>
  <testcase name="testGetTransaction on testGetTransaction(TransactionDAOTest)" classname="TransactionDAOTest" time="0.001"/>
  <testcase name="testProcessTransaction_InsufficientBalanceException on testProcessTransaction_InsufficientBalanceException(TransactionDAOTest)" classname="TransactionDAOTest" time="0.002"/>
  <testcase name="testProcessTransaction_NoSuchAccountException_1 on testProcessTransaction_NoSuchAccountException_1(TransactionDAOTest)" classname="TransactionDAOTest" time="0"/>
  <testcase name="testProcessTransaction_NoSuchAccountException_2 on testProcessTransaction_NoSuchAccountException_2(TransactionDAOTest)" classname="TransactionDAOTest" time="0.002"/>
  <testcase name="testGetTransactionsForOneAccount_NoSuchAccountException on testGetTransactionsForOneAccount_NoSuchAccountException(TransactionDAOTest)" classname="TransactionDAOTest" time="0.003"/>
  <testcase name="testTransaction_InsufficientBalance on testTransaction_InsufficientBalance(TransactionAPITest)" classname="TransactionAPITest" time="0.022"/>
  <testcase name="testTransaction_NoSuchAccount on testTransaction_NoSuchAccount(TransactionAPITest)" classname="TransactionAPITest" time="0.02"/>
  <testcase name="testGetTransaction_NoSuchTransaction on testGetTransaction_NoSuchTransaction(TransactionAPITest)" classname="TransactionAPITest" time="0.011"/>
  <testcase name="testTransaction_InvalidID on testTransaction_InvalidID(TransactionAPITest)" classname="TransactionAPITest" time="0.021"/>
  <testcase name="testTransaction_InvalidTransferAmount on testTransaction_InvalidTransferAmount(TransactionAPITest)" classname="TransactionAPITest" time="0.026"/>
  <testcase name="testGetTransaction on testGetTransaction(TransactionAPITest)" classname="TransactionAPITest" time="0.083"/>
  <testcase name="testGetTransactionForOneAccount on testGetTransactionForOneAccount(TransactionAPITest)" classname="TransactionAPITest" time="0.039"/>
  <testcase name="testTransaction on testTransaction(TransactionAPITest)" classname="TransactionAPITest" time="0.015"/>
</testsuite>